platforms/android/app/build/outputs/logs/manifest-merger-release-report.txt
-- Merging decision tree log ---
manifest
ADDED from src/main/AndroidManifest.xml:2:1-17:12
INJECTED from src/main/AndroidManifest.xml:2:1-17:12
INJECTED from src/main/AndroidManifest.xml:2:1-17:12
INJECTED from src/main/AndroidManifest.xml:2:1-17:12
MERGED from [com.mocaplatform:moca-android-sdk:2.5.2] AndroidManifest.xml:2:1-149:12
MERGED from [com.android.support:appcompat-v7:26.1.0] AndroidManifest.xml:17:1-31:12
MERGED from [com.google.android.gms:play-services-ads:11.8.0] AndroidManifest.xml:17:1-25:12
MERGED from [com.google.android.gms:play-services-ads-lite:11.8.0] AndroidManifest.xml:17:1-36:12
MERGED from [com.google.android.gms:play-services-gass:11.8.0] AndroidManifest.xml:2:1-9:12
MERGED from [com.google.android.gms:play-services-gcm:11.8.0] AndroidManifest.xml:17:1-28:12
MERGED from [com.google.android.gms:play-services-iid:11.8.0] AndroidManifest.xml:17:1-28:12
MERGED from [com.google.android.gms:play-services-location:11.8.0] AndroidManifest.xml:2:1-9:12
MERGED from [com.google.android.gms:play-services-base:11.8.0] AndroidManifest.xml:17:1-29:12
MERGED from [com.google.android.gms:play-services-tasks:11.8.0] AndroidManifest.xml:2:1-9:12
MERGED from [com.google.android.gms:play-services-basement:11.8.0] AndroidManifest.xml:17:1-28:12
MERGED from [com.android.support:support-v4:26.1.0] AndroidManifest.xml:17:1-31:12
MERGED from [:CordovaLib] AndroidManifest.xml:20:1-27:12
MERGED from [org.altbeacon:android-beacon-library:2.12.3] AndroidManifest.xml:2:1-44:12
MERGED from [com.android.support:animated-vector-drawable:26.1.0] AndroidManifest.xml:17:1-28:12
MERGED from [com.android.support:support-fragment:26.1.0] AndroidManifest.xml:17:1-31:12
MERGED from [com.android.support:support-core-ui:26.1.0] AndroidManifest.xml:17:1-31:12
MERGED from [com.android.support:support-vector-drawable:26.1.0] AndroidManifest.xml:17:1-28:12
MERGED from [com.android.support:support-media-compat:26.1.0] AndroidManifest.xml:17:1-31:12
MERGED from [com.android.support:support-core-utils:26.1.0] AndroidManifest.xml:17:1-31:12
MERGED from [com.android.support:support-compat:26.1.0] AndroidManifest.xml:17:1-31:12
MERGED from [com.google.android.gms:play-services-ads-license:11.8.0] AndroidManifest.xml:2:1-6:12
MERGED from [android.arch.lifecycle:runtime:1.0.0] AndroidManifest.xml:17:1-30:12
MERGED from [com.google.android.gms:play-services-ads-lite-license:11.8.0] AndroidManifest.xml:2:1-6:12
MERGED from [com.google.android.gms:play-services-basement-license:11.8.0] AndroidManifest.xml:2:1-6:12
MERGED from [com.google.android.gms:play-services-gass-license:11.8.0] AndroidManifest.xml:2:1-6:12
MERGED from [com.google.android.gms:play-services-gcm-license:11.8.0] AndroidManifest.xml:2:1-6:12
MERGED from [com.google.android.gms:play-services-base-license:11.8.0] AndroidManifest.xml:2:1-6:12
MERGED from [com.google.android.gms:play-services-iid-license:11.8.0] AndroidManifest.xml:2:1-6:12
MERGED from [com.google.android.gms:play-services-tasks-license:11.8.0] AndroidManifest.xml:2:1-6:12
MERGED from [com.google.android.gms:play-services-location-license:11.8.0] AndroidManifest.xml:2:1-6:12
INJECTED from src/main/AndroidManifest.xml:2:1-17:12
INJECTED from src/main/AndroidManifest.xml:2:1-17:12
INJECTED from src/main/AndroidManifest.xml:2:1-17:12
	package
		ADDED from src/main/AndroidManifest.xml:2:102-135
		INJECTED from src/main/AndroidManifest.xml
		INJECTED from src/main/AndroidManifest.xml
	android:versionName
		ADDED from src/main/AndroidManifest.xml:2:74-101
		INJECTED from src/main/AndroidManifest.xml
		INJECTED from src/main/AndroidManifest.xml
	android:hardwareAccelerated
		ADDED from src/main/AndroidManifest.xml:2:11-45
	xmlns:android
		ADDED from src/main/AndroidManifest.xml:2:136-194
	android:versionCode
		ADDED from src/main/AndroidManifest.xml:2:46-73
		INJECTED from src/main/AndroidManifest.xml
		INJECTED from src/main/AndroidManifest.xml
supports-screens
ADDED from src/main/AndroidManifest.xml:3:5-191
	android:largeScreens
		ADDED from src/main/AndroidManifest.xml:3:49-76
	android:smallScreens
		ADDED from src/main/AndroidManifest.xml:3:132-159
	android:normalScreens
		ADDED from src/main/AndroidManifest.xml:3:77-105
	android:xlargeScreens
		ADDED from src/main/AndroidManifest.xml:3:160-188
	android:resizeable
		ADDED from src/main/AndroidManifest.xml:3:106-131
	android:anyDensity
		ADDED from src/main/AndroidManifest.xml:3:23-48
uses-permission#android.permission.INTERNET
ADDED from src/main/AndroidManifest.xml:4:5-67
MERGED from [com.mocaplatform:moca-android-sdk:2.5.2] AndroidManifest.xml:13:5-67
MERGED from [com.mocaplatform:moca-android-sdk:2.5.2] AndroidManifest.xml:13:5-67
MERGED from [com.google.android.gms:play-services-ads-lite:11.8.0] AndroidManifest.xml:23:5-67
MERGED from [com.google.android.gms:play-services-ads-lite:11.8.0] AndroidManifest.xml:23:5-67
MERGED from [com.google.android.gms:play-services-gcm:11.8.0] AndroidManifest.xml:24:5-67
MERGED from [com.google.android.gms:play-services-gcm:11.8.0] AndroidManifest.xml:24:5-67
MERGED from [com.google.android.gms:play-services-iid:11.8.0] AndroidManifest.xml:24:5-67
MERGED from [com.google.android.gms:play-services-iid:11.8.0] AndroidManifest.xml:24:5-67
	android:name
		ADDED from src/main/AndroidManifest.xml:4:22-64
application
ADDED from src/main/AndroidManifest.xml:5:5-12:19
MERGED from [com.mocaplatform:moca-android-sdk:2.5.2] AndroidManifest.xml:39:5-147:19
MERGED from [com.mocaplatform:moca-android-sdk:2.5.2] AndroidManifest.xml:39:5-147:19
MERGED from [com.android.support:appcompat-v7:26.1.0] AndroidManifest.xml:25:5-29:19
MERGED from [com.android.support:appcompat-v7:26.1.0] AndroidManifest.xml:25:5-29:19
MERGED from [com.google.android.gms:play-services-ads-lite:11.8.0] AndroidManifest.xml:26:5-34:19
MERGED from [com.google.android.gms:play-services-ads-lite:11.8.0] AndroidManifest.xml:26:5-34:19
MERGED from [com.google.android.gms:play-services-gass:11.8.0] AndroidManifest.xml:7:5-20
MERGED from [com.google.android.gms:play-services-gass:11.8.0] AndroidManifest.xml:7:5-20
MERGED from [com.google.android.gms:play-services-gcm:11.8.0] AndroidManifest.xml:26:5-20
MERGED from [com.google.android.gms:play-services-gcm:11.8.0] AndroidManifest.xml:26:5-20
MERGED from [com.google.android.gms:play-services-iid:11.8.0] AndroidManifest.xml:26:5-20
MERGED from [com.google.android.gms:play-services-iid:11.8.0] AndroidManifest.xml:26:5-20
MERGED from [com.google.android.gms:play-services-location:11.8.0] AndroidManifest.xml:7:5-20
MERGED from [com.google.android.gms:play-services-location:11.8.0] AndroidManifest.xml:7:5-20
MERGED from [com.google.android.gms:play-services-base:11.8.0] AndroidManifest.xml:22:5-27:19
MERGED from [com.google.android.gms:play-services-base:11.8.0] AndroidManifest.xml:22:5-27:19
MERGED from [com.google.android.gms:play-services-tasks:11.8.0] AndroidManifest.xml:7:5-20
MERGED from [com.google.android.gms:play-services-tasks:11.8.0] AndroidManifest.xml:7:5-20
MERGED from [com.google.android.gms:play-services-basement:11.8.0] AndroidManifest.xml:22:5-26:19
MERGED from [com.google.android.gms:play-services-basement:11.8.0] AndroidManifest.xml:22:5-26:19
MERGED from [com.android.support:support-v4:26.1.0] AndroidManifest.xml:25:5-29:19
MERGED from [com.android.support:support-v4:26.1.0] AndroidManifest.xml:25:5-29:19
MERGED from [org.altbeacon:android-beacon-library:2.12.3] AndroidManifest.xml:20:5-42:19
MERGED from [org.altbeacon:android-beacon-library:2.12.3] AndroidManifest.xml:20:5-42:19
MERGED from [com.android.support:animated-vector-drawable:26.1.0] AndroidManifest.xml:22:5-26:19
MERGED from [com.android.support:animated-vector-drawable:26.1.0] AndroidManifest.xml:22:5-26:19
MERGED from [com.android.support:support-fragment:26.1.0] AndroidManifest.xml:25:5-29:19
MERGED from [com.android.support:support-fragment:26.1.0] AndroidManifest.xml:25:5-29:19
MERGED from [com.android.support:support-core-ui:26.1.0] AndroidManifest.xml:25:5-29:19
MERGED from [com.android.support:support-core-ui:26.1.0] AndroidManifest.xml:25:5-29:19
MERGED from [com.android.support:support-vector-drawable:26.1.0] AndroidManifest.xml:22:5-26:19
MERGED from [com.android.support:support-vector-drawable:26.1.0] AndroidManifest.xml:22:5-26:19
MERGED from [com.android.support:support-media-compat:26.1.0] AndroidManifest.xml:25:5-29:19
MERGED from [com.android.support:support-media-compat:26.1.0] AndroidManifest.xml:25:5-29:19
MERGED from [com.android.support:support-core-utils:26.1.0] AndroidManifest.xml:25:5-29:19
MERGED from [com.android.support:support-core-utils:26.1.0] AndroidManifest.xml:25:5-29:19
MERGED from [com.android.support:support-compat:26.1.0] AndroidManifest.xml:25:5-29:19
MERGED from [com.android.support:support-compat:26.1.0] AndroidManifest.xml:25:5-29:19
MERGED from [com.google.android.gms:play-services-ads-license:11.8.0] AndroidManifest.xml:5:5-20
MERGED from [com.google.android.gms:play-services-ads-license:11.8.0] AndroidManifest.xml:5:5-20
MERGED from [android.arch.lifecycle:runtime:1.0.0] AndroidManifest.xml:24:5-28:19
MERGED from [android.arch.lifecycle:runtime:1.0.0] AndroidManifest.xml:24:5-28:19
MERGED from [com.google.android.gms:play-services-ads-lite-license:11.8.0] AndroidManifest.xml:5:5-20
MERGED from [com.google.android.gms:play-services-ads-lite-license:11.8.0] AndroidManifest.xml:5:5-20
MERGED from [com.google.android.gms:play-services-basement-license:11.8.0] AndroidManifest.xml:5:5-20
MERGED from [com.google.android.gms:play-services-basement-license:11.8.0] AndroidManifest.xml:5:5-20
MERGED from [com.google.android.gms:play-services-gass-license:11.8.0] AndroidManifest.xml:5:5-20
MERGED from [com.google.android.gms:play-services-gass-license:11.8.0] AndroidManifest.xml:5:5-20
MERGED from [com.google.android.gms:play-services-gcm-license:11.8.0] AndroidManifest.xml:5:5-20
MERGED from [com.google.android.gms:play-services-gcm-license:11.8.0] AndroidManifest.xml:5:5-20
MERGED from [com.google.android.gms:play-services-base-license:11.8.0] AndroidManifest.xml:5:5-20
MERGED from [com.google.android.gms:play-services-base-license:11.8.0] AndroidManifest.xml:5:5-20
MERGED from [com.google.android.gms:play-services-iid-license:11.8.0] AndroidManifest.xml:5:5-20
MERGED from [com.google.android.gms:play-services-iid-license:11.8.0] AndroidManifest.xml:5:5-20
MERGED from [com.google.android.gms:play-services-tasks-license:11.8.0] AndroidManifest.xml:5:5-20
MERGED from [com.google.android.gms:play-services-tasks-license:11.8.0] AndroidManifest.xml:5:5-20
MERGED from [com.google.android.gms:play-services-location-license:11.8.0] AndroidManifest.xml:5:5-20
MERGED from [com.google.android.gms:play-services-location-license:11.8.0] AndroidManifest.xml:5:5-20
	android:supportsRtl
		ADDED from src/main/AndroidManifest.xml:5:164-190
	android:label
		ADDED from src/main/AndroidManifest.xml:5:81-113
	android:hardwareAccelerated
		ADDED from src/main/AndroidManifest.xml:5:18-52
	android:icon
		ADDED from src/main/AndroidManifest.xml:5:53-80
	android:name
		ADDED from src/main/AndroidManifest.xml:5:114-163
activity#com.proxtopic.proxtopic.MainActivity
ADDED from src/main/AndroidManifest.xml:6:9-11:20
	android:screenOrientation
		ADDED from src/main/AndroidManifest.xml:6:194-230
	android:label
		ADDED from src/main/AndroidManifest.xml:6:97-134
	android:launchMode
		ADDED from src/main/AndroidManifest.xml:6:135-165
	android:windowSoftInputMode
		ADDED from src/main/AndroidManifest.xml:6:294-336
	android:configChanges
		ADDED from src/main/AndroidManifest.xml:6:19-96
	android:theme
		ADDED from src/main/AndroidManifest.xml:6:231-293
	android:name
		ADDED from src/main/AndroidManifest.xml:6:166-193
intent-filter#android.intent.action.MAIN+android.intent.category.LAUNCHER
ADDED from src/main/AndroidManifest.xml:7:13-10:29
	android:label
		ADDED from src/main/AndroidManifest.xml:7:28-65
action#android.intent.action.MAIN
ADDED from src/main/AndroidManifest.xml:8:17-69
	android:name
		ADDED from src/main/AndroidManifest.xml:8:25-66
category#android.intent.category.LAUNCHER
ADDED from src/main/AndroidManifest.xml:9:17-77
	android:name
		ADDED from src/main/AndroidManifest.xml:9:27-74
uses-sdk
ADDED from src/main/AndroidManifest.xml:13:5-74
MERGED from [com.mocaplatform:moca-android-sdk:2.5.2] AndroidManifest.xml:7:5-9:41
MERGED from [com.mocaplatform:moca-android-sdk:2.5.2] AndroidManifest.xml:7:5-9:41
MERGED from [com.android.support:appcompat-v7:26.1.0] AndroidManifest.xml:21:5-23:78
MERGED from [com.android.support:appcompat-v7:26.1.0] AndroidManifest.xml:21:5-23:78
MERGED from [com.google.android.gms:play-services-ads:11.8.0] AndroidManifest.xml:21:5-23:62
MERGED from [com.google.android.gms:play-services-ads:11.8.0] AndroidManifest.xml:21:5-23:62
MERGED from [com.google.android.gms:play-services-ads-lite:11.8.0] AndroidManifest.xml:20:5-44
MERGED from [com.google.android.gms:play-services-ads-lite:11.8.0] AndroidManifest.xml:20:5-44
MERGED from [com.google.android.gms:play-services-gass:11.8.0] AndroidManifest.xml:5:5-44
MERGED from [com.google.android.gms:play-services-gass:11.8.0] AndroidManifest.xml:5:5-44
MERGED from [com.google.android.gms:play-services-gcm:11.8.0] AndroidManifest.xml:20:5-44
MERGED from [com.google.android.gms:play-services-gcm:11.8.0] AndroidManifest.xml:20:5-44
MERGED from [com.google.android.gms:play-services-iid:11.8.0] AndroidManifest.xml:20:5-44
MERGED from [com.google.android.gms:play-services-iid:11.8.0] AndroidManifest.xml:20:5-44
MERGED from [com.google.android.gms:play-services-location:11.8.0] AndroidManifest.xml:5:5-44
MERGED from [com.google.android.gms:play-services-location:11.8.0] AndroidManifest.xml:5:5-44
MERGED from [com.google.android.gms:play-services-base:11.8.0] AndroidManifest.xml:20:5-44
MERGED from [com.google.android.gms:play-services-base:11.8.0] AndroidManifest.xml:20:5-44
MERGED from [com.google.android.gms:play-services-tasks:11.8.0] AndroidManifest.xml:5:5-44
MERGED from [com.google.android.gms:play-services-tasks:11.8.0] AndroidManifest.xml:5:5-44
MERGED from [com.google.android.gms:play-services-basement:11.8.0] AndroidManifest.xml:20:5-44
MERGED from [com.google.android.gms:play-services-basement:11.8.0] AndroidManifest.xml:20:5-44
MERGED from [com.android.support:support-v4:26.1.0] AndroidManifest.xml:21:5-23:54
MERGED from [com.android.support:support-v4:26.1.0] AndroidManifest.xml:21:5-23:54
MERGED from [:CordovaLib] AndroidManifest.xml:25:5-44
MERGED from [:CordovaLib] AndroidManifest.xml:25:5-44
MERGED from [org.altbeacon:android-beacon-library:2.12.3] AndroidManifest.xml:7:5-9:41
MERGED from [org.altbeacon:android-beacon-library:2.12.3] AndroidManifest.xml:7:5-9:41
MERGED from [com.android.support:animated-vector-drawable:26.1.0] AndroidManifest.xml:20:5-44
MERGED from [com.android.support:animated-vector-drawable:26.1.0] AndroidManifest.xml:20:5-44
MERGED from [com.android.support:support-fragment:26.1.0] AndroidManifest.xml:21:5-23:60
MERGED from [com.android.support:support-fragment:26.1.0] AndroidManifest.xml:21:5-23:60
MERGED from [com.android.support:support-core-ui:26.1.0] AndroidManifest.xml:21:5-23:58
MERGED from [com.android.support:support-core-ui:26.1.0] AndroidManifest.xml:21:5-23:58
MERGED from [com.android.support:support-vector-drawable:26.1.0] AndroidManifest.xml:20:5-44
MERGED from [com.android.support:support-vector-drawable:26.1.0] AndroidManifest.xml:20:5-44
MERGED from [com.android.support:support-media-compat:26.1.0] AndroidManifest.xml:21:5-23:63
MERGED from [com.android.support:support-media-compat:26.1.0] AndroidManifest.xml:21:5-23:63
MERGED from [com.android.support:support-core-utils:26.1.0] AndroidManifest.xml:21:5-23:61
MERGED from [com.android.support:support-core-utils:26.1.0] AndroidManifest.xml:21:5-23:61
MERGED from [com.android.support:support-compat:26.1.0] AndroidManifest.xml:21:5-23:58
MERGED from [com.android.support:support-compat:26.1.0] AndroidManifest.xml:21:5-23:58
MERGED from [com.google.android.gms:play-services-ads-license:11.8.0] AndroidManifest.xml:4:5-43
MERGED from [com.google.android.gms:play-services-ads-license:11.8.0] AndroidManifest.xml:4:5-43
MERGED from [android.arch.lifecycle:runtime:1.0.0] AndroidManifest.xml:20:5-22:41
MERGED from [android.arch.lifecycle:runtime:1.0.0] AndroidManifest.xml:20:5-22:41
MERGED from [com.google.android.gms:play-services-ads-lite-license:11.8.0] AndroidManifest.xml:4:5-43
MERGED from [com.google.android.gms:play-services-ads-lite-license:11.8.0] AndroidManifest.xml:4:5-43
MERGED from [com.google.android.gms:play-services-basement-license:11.8.0] AndroidManifest.xml:4:5-43
MERGED from [com.google.android.gms:play-services-basement-license:11.8.0] AndroidManifest.xml:4:5-43
MERGED from [com.google.android.gms:play-services-gass-license:11.8.0] AndroidManifest.xml:4:5-43
MERGED from [com.google.android.gms:play-services-gass-license:11.8.0] AndroidManifest.xml:4:5-43
MERGED from [com.google.android.gms:play-services-gcm-license:11.8.0] AndroidManifest.xml:4:5-43
MERGED from [com.google.android.gms:play-services-gcm-license:11.8.0] AndroidManifest.xml:4:5-43
MERGED from [com.google.android.gms:play-services-base-license:11.8.0] AndroidManifest.xml:4:5-43
MERGED from [com.google.android.gms:play-services-base-license:11.8.0] AndroidManifest.xml:4:5-43
MERGED from [com.google.android.gms:play-services-iid-license:11.8.0] AndroidManifest.xml:4:5-43
MERGED from [com.google.android.gms:play-services-iid-license:11.8.0] AndroidManifest.xml:4:5-43
MERGED from [com.google.android.gms:play-services-tasks-license:11.8.0] AndroidManifest.xml:4:5-43
MERGED from [com.google.android.gms:play-services-tasks-license:11.8.0] AndroidManifest.xml:4:5-43
MERGED from [com.google.android.gms:play-services-location-license:11.8.0] AndroidManifest.xml:4:5-43
MERGED from [com.google.android.gms:play-services-location-license:11.8.0] AndroidManifest.xml:4:5-43
	tools:overrideLibrary
		ADDED from [com.android.support:appcompat-v7:26.1.0] AndroidManifest.xml:23:9-75
	android:targetSdkVersion
		ADDED from src/main/AndroidManifest.xml:13:42-71
	android:minSdkVersion
		ADDED from src/main/AndroidManifest.xml:13:15-41
uses-permission#android.permission.ACCESS_COARSE_LOCATION
ADDED from src/main/AndroidManifest.xml:14:5-81
MERGED from [com.mocaplatform:moca-android-sdk:2.5.2] AndroidManifest.xml:25:5-81
MERGED from [com.mocaplatform:moca-android-sdk:2.5.2] AndroidManifest.xml:25:5-81
MERGED from [org.altbeacon:android-beacon-library:2.12.3] AndroidManifest.xml:18:5-81
MERGED from [org.altbeacon:android-beacon-library:2.12.3] AndroidManifest.xml:18:5-81
	android:name
		ADDED from src/main/AndroidManifest.xml:14:22-78
uses-permission#android.permission.ACCESS_FINE_LOCATION
ADDED from src/main/AndroidManifest.xml:15:5-79
MERGED from [com.mocaplatform:moca-android-sdk:2.5.2] AndroidManifest.xml:24:5-79
MERGED from [com.mocaplatform:moca-android-sdk:2.5.2] AndroidManifest.xml:24:5-79
	android:name
		ADDED from src/main/AndroidManifest.xml:15:22-76
uses-feature#android.hardware.location.gps
ADDED from src/main/AndroidManifest.xml:16:5-66
	android:name
		ADDED from src/main/AndroidManifest.xml:16:19-63
uses-permission#android.permission.ACCESS_NETWORK_STATE
ADDED from [com.mocaplatform:moca-android-sdk:2.5.2] AndroidManifest.xml:14:5-79
MERGED from [com.google.android.gms:play-services-ads-lite:11.8.0] AndroidManifest.xml:24:5-79
MERGED from [com.google.android.gms:play-services-ads-lite:11.8.0] AndroidManifest.xml:24:5-79
	android:name
		ADDED from [com.mocaplatform:moca-android-sdk:2.5.2] AndroidManifest.xml:14:22-76
uses-permission#android.permission.ACCESS_WIFI_STATE
ADDED from [com.mocaplatform:moca-android-sdk:2.5.2] AndroidManifest.xml:15:5-76
	android:name
		ADDED from [com.mocaplatform:moca-android-sdk:2.5.2] AndroidManifest.xml:15:22-73
uses-permission#android.permission.BLUETOOTH
ADDED from [com.mocaplatform:moca-android-sdk:2.5.2] AndroidManifest.xml:16:5-68
MERGED from [org.altbeacon:android-beacon-library:2.12.3] AndroidManifest.xml:11:5-13:36
MERGED from [org.altbeacon:android-beacon-library:2.12.3] AndroidManifest.xml:11:5-13:36
	android:required
		ADDED from [org.altbeacon:android-beacon-library:2.12.3] AndroidManifest.xml:13:9-33
	android:name
		ADDED from [com.mocaplatform:moca-android-sdk:2.5.2] AndroidManifest.xml:16:22-65
uses-permission#android.permission.BLUETOOTH_ADMIN
ADDED from [com.mocaplatform:moca-android-sdk:2.5.2] AndroidManifest.xml:17:5-74
MERGED from [org.altbeacon:android-beacon-library:2.12.3] AndroidManifest.xml:14:5-16:36
MERGED from [org.altbeacon:android-beacon-library:2.12.3] AndroidManifest.xml:14:5-16:36
	android:required
		ADDED from [org.altbeacon:android-beacon-library:2.12.3] AndroidManifest.xml:16:9-33
	android:name
		ADDED from [com.mocaplatform:moca-android-sdk:2.5.2] AndroidManifest.xml:17:22-71
uses-permission#android.permission.RECEIVE_BOOT_COMPLETED
ADDED from [com.mocaplatform:moca-android-sdk:2.5.2] AndroidManifest.xml:18:5-81
MERGED from [org.altbeacon:android-beacon-library:2.12.3] AndroidManifest.xml:17:5-81
MERGED from [org.altbeacon:android-beacon-library:2.12.3] AndroidManifest.xml:17:5-81
	android:name
		ADDED from [com.mocaplatform:moca-android-sdk:2.5.2] AndroidManifest.xml:18:22-78
uses-permission#android.permission.WAKE_LOCK
ADDED from [com.mocaplatform:moca-android-sdk:2.5.2] AndroidManifest.xml:20:5-68
	android:name
		ADDED from [com.mocaplatform:moca-android-sdk:2.5.2] AndroidManifest.xml:20:22-65
uses-permission#android.permission.VIBRATE
ADDED from [com.mocaplatform:moca-android-sdk:2.5.2] AndroidManifest.xml:22:5-66
	android:name
		ADDED from [com.mocaplatform:moca-android-sdk:2.5.2] AndroidManifest.xml:22:22-63
uses-permission#android.permission.BATTERY_STATS
ADDED from [com.mocaplatform:moca-android-sdk:2.5.2] AndroidManifest.xml:27:5-72
	android:name
		ADDED from [com.mocaplatform:moca-android-sdk:2.5.2] AndroidManifest.xml:27:22-69
uses-permission#android.permission.READ_PHONE_STATE
ADDED from [com.mocaplatform:moca-android-sdk:2.5.2] AndroidManifest.xml:30:5-75
	android:name
		ADDED from [com.mocaplatform:moca-android-sdk:2.5.2] AndroidManifest.xml:30:22-72
uses-permission#android.permission.CHANGE_WIFI_STATE
ADDED from [com.mocaplatform:moca-android-sdk:2.5.2] AndroidManifest.xml:32:5-76
	android:name
		ADDED from [com.mocaplatform:moca-android-sdk:2.5.2] AndroidManifest.xml:32:22-73
meta-data#com.google.android.gms.version
ADDED from [com.mocaplatform:moca-android-sdk:2.5.2] AndroidManifest.xml:42:9-44:69
MERGED from [com.google.android.gms:play-services-basement:11.8.0] AndroidManifest.xml:23:9-25:69
MERGED from [com.google.android.gms:play-services-basement:11.8.0] AndroidManifest.xml:23:9-25:69
	android:value
		ADDED from [com.mocaplatform:moca-android-sdk:2.5.2] AndroidManifest.xml:44:13-66
	android:name
		ADDED from [com.mocaplatform:moca-android-sdk:2.5.2] AndroidManifest.xml:43:13-58
receiver#com.innoquant.moca.push.MOCAPushReceiver
ADDED from [com.mocaplatform:moca-android-sdk:2.5.2] AndroidManifest.xml:47:9-55:20
	android:exported
		ADDED from [com.mocaplatform:moca-android-sdk:2.5.2] AndroidManifest.xml:49:13-36
	android:permission
		ADDED from [com.mocaplatform:moca-android-sdk:2.5.2] AndroidManifest.xml:50:13-73
	android:name
		ADDED from [com.mocaplatform:moca-android-sdk:2.5.2] AndroidManifest.xml:48:13-68
intent-filter#com.innoquant.moca.push.ACTION_PUSH_DISMISSED+com.innoquant.moca.push.ACTION_PUSH_RECEIVE
ADDED from [com.mocaplatform:moca-android-sdk:2.5.2] AndroidManifest.xml:51:13-54:29
action#com.innoquant.moca.push.ACTION_PUSH_RECEIVE
ADDED from [com.mocaplatform:moca-android-sdk:2.5.2] AndroidManifest.xml:52:17-86
	android:name
		ADDED from [com.mocaplatform:moca-android-sdk:2.5.2] AndroidManifest.xml:52:25-83
action#com.innoquant.moca.push.ACTION_PUSH_DISMISSED
ADDED from [com.mocaplatform:moca-android-sdk:2.5.2] AndroidManifest.xml:53:17-88
	android:name
		ADDED from [com.mocaplatform:moca-android-sdk:2.5.2] AndroidManifest.xml:53:25-85
receiver#com.innoquant.moca.push.GcmPushReceiver
ADDED from [com.mocaplatform:moca-android-sdk:2.5.2] AndroidManifest.xml:58:9-67:20
	android:permission
		ADDED from [com.mocaplatform:moca-android-sdk:2.5.2] AndroidManifest.xml:60:13-73
	android:name
		ADDED from [com.mocaplatform:moca-android-sdk:2.5.2] AndroidManifest.xml:59:13-67
intent-filter#com.google.android.c2dm.intent.RECEIVE+com.google.android.c2dm.intent.REGISTRATION+com.mocaplatform.mocapp
ADDED from [com.mocaplatform:moca-android-sdk:2.5.2] AndroidManifest.xml:61:13-66:29
action#com.google.android.c2dm.intent.RECEIVE
ADDED from [com.mocaplatform:moca-android-sdk:2.5.2] AndroidManifest.xml:62:17-81
	android:name
		ADDED from [com.mocaplatform:moca-android-sdk:2.5.2] AndroidManifest.xml:62:25-78
action#com.google.android.c2dm.intent.REGISTRATION
ADDED from [com.mocaplatform:moca-android-sdk:2.5.2] AndroidManifest.xml:63:17-86
	android:name
		ADDED from [com.mocaplatform:moca-android-sdk:2.5.2] AndroidManifest.xml:63:25-83
category#com.mocaplatform.mocapp
ADDED from [com.mocaplatform:moca-android-sdk:2.5.2] AndroidManifest.xml:65:17-68
	android:name
		ADDED from [com.mocaplatform:moca-android-sdk:2.5.2] AndroidManifest.xml:65:27-65
receiver#com.innoquant.moca.MOCACoreReceiver
ADDED from [com.mocaplatform:moca-android-sdk:2.5.2] AndroidManifest.xml:68:9-87:20
	android:exported
		ADDED from [com.mocaplatform:moca-android-sdk:2.5.2] AndroidManifest.xml:70:13-37
	android:name
		ADDED from [com.mocaplatform:moca-android-sdk:2.5.2] AndroidManifest.xml:69:13-63
intent-filter#android.intent.action.ACTION_POWER_CONNECTED+android.intent.action.BOOT_COMPLETED+com.innoquant.moca.ACTION_SYNC+com.innoquant.moca.ACTION_UPLOAD+com.innoquant.moca.GEOFENCE+com.innoquant.moca.LOCATION
ADDED from [com.mocaplatform:moca-android-sdk:2.5.2] AndroidManifest.xml:71:13-81:29
action#com.innoquant.moca.ACTION_SYNC
ADDED from [com.mocaplatform:moca-android-sdk:2.5.2] AndroidManifest.xml:72:17-73
	android:name
		ADDED from [com.mocaplatform:moca-android-sdk:2.5.2] AndroidManifest.xml:72:25-70
action#com.innoquant.moca.ACTION_UPLOAD
ADDED from [com.mocaplatform:moca-android-sdk:2.5.2] AndroidManifest.xml:73:17-75
	android:name
		ADDED from [com.mocaplatform:moca-android-sdk:2.5.2] AndroidManifest.xml:73:25-72
action#android.intent.action.BOOT_COMPLETED
ADDED from [com.mocaplatform:moca-android-sdk:2.5.2] AndroidManifest.xml:74:17-79
	android:name
		ADDED from [com.mocaplatform:moca-android-sdk:2.5.2] AndroidManifest.xml:74:25-76
action#android.intent.action.ACTION_POWER_CONNECTED
ADDED from [com.mocaplatform:moca-android-sdk:2.5.2] AndroidManifest.xml:75:17-87
	android:name
		ADDED from [com.mocaplatform:moca-android-sdk:2.5.2] AndroidManifest.xml:75:25-84
action#com.innoquant.moca.GEOFENCE
ADDED from [com.mocaplatform:moca-android-sdk:2.5.2] AndroidManifest.xml:77:17-70
	android:name
		ADDED from [com.mocaplatform:moca-android-sdk:2.5.2] AndroidManifest.xml:77:25-67
action#com.innoquant.moca.LOCATION
ADDED from [com.mocaplatform:moca-android-sdk:2.5.2] AndroidManifest.xml:78:17-70
	android:name
		ADDED from [com.mocaplatform:moca-android-sdk:2.5.2] AndroidManifest.xml:78:25-67
intent-filter#android.intent.category.DEFAULT+android.location.MODE_CHANGED
ADDED from [com.mocaplatform:moca-android-sdk:2.5.2] AndroidManifest.xml:82:13-86:29
action#android.location.MODE_CHANGED
ADDED from [com.mocaplatform:moca-android-sdk:2.5.2] AndroidManifest.xml:83:17-72
	android:name
		ADDED from [com.mocaplatform:moca-android-sdk:2.5.2] AndroidManifest.xml:83:25-69
category#android.intent.category.DEFAULT
ADDED from [com.mocaplatform:moca-android-sdk:2.5.2] AndroidManifest.xml:85:17-76
	android:name
		ADDED from [com.mocaplatform:moca-android-sdk:2.5.2] AndroidManifest.xml:85:27-73
service#com.innoquant.moca.push.PushService
ADDED from [com.mocaplatform:moca-android-sdk:2.5.2] AndroidManifest.xml:89:9-91:38
	android:enabled
		ADDED from [com.mocaplatform:moca-android-sdk:2.5.2] AndroidManifest.xml:91:13-35
	android:name
		ADDED from [com.mocaplatform:moca-android-sdk:2.5.2] AndroidManifest.xml:90:13-63
activity#com.innoquant.moca.ui.AlertDialogActivity
ADDED from [com.mocaplatform:moca-android-sdk:2.5.2] AndroidManifest.xml:93:9-96:20
	android:exported
		ADDED from [com.mocaplatform:moca-android-sdk:2.5.2] AndroidManifest.xml:95:13-37
	android:name
		ADDED from [com.mocaplatform:moca-android-sdk:2.5.2] AndroidManifest.xml:94:13-69
activity#com.innoquant.moca.ui.WebPageActivity
ADDED from [com.mocaplatform:moca-android-sdk:2.5.2] AndroidManifest.xml:97:9-101:20
	android:hardwareAccelerated
		ADDED from [com.mocaplatform:moca-android-sdk:2.5.2] AndroidManifest.xml:99:13-47
	android:theme
		ADDED from [com.mocaplatform:moca-android-sdk:2.5.2] AndroidManifest.xml:100:13-71
	android:name
		ADDED from [com.mocaplatform:moca-android-sdk:2.5.2] AndroidManifest.xml:98:13-65
service#com.innoquant.moca.drivers.nao.NaoHelperService
ADDED from [com.mocaplatform:moca-android-sdk:2.5.2] AndroidManifest.xml:103:9-83
	android:name
		ADDED from [com.mocaplatform:moca-android-sdk:2.5.2] AndroidManifest.xml:103:18-80
service#com.innoquant.moca.push.GcmTokenListener
ADDED from [com.mocaplatform:moca-android-sdk:2.5.2] AndroidManifest.xml:106:9-112:19
	android:exported
		ADDED from [com.mocaplatform:moca-android-sdk:2.5.2] AndroidManifest.xml:108:13-37
	android:name
		ADDED from [com.mocaplatform:moca-android-sdk:2.5.2] AndroidManifest.xml:107:13-68
intent-filter#com.google.android.gms.iid.InstanceID
ADDED from [com.mocaplatform:moca-android-sdk:2.5.2] AndroidManifest.xml:109:13-111:29
action#com.google.android.gms.iid.InstanceID
ADDED from [com.mocaplatform:moca-android-sdk:2.5.2] AndroidManifest.xml:110:17-80
	android:name
		ADDED from [com.mocaplatform:moca-android-sdk:2.5.2] AndroidManifest.xml:110:25-77
service#com.innoquant.moca.services.TagSyncService
ADDED from [com.mocaplatform:moca-android-sdk:2.5.2] AndroidManifest.xml:115:9-122:19
	android:exported